C:\Program Files (x86)\Microsoft Visual Studio\2017\Community\Common7\IDE\VC\VCTargets\Microsoft.CppBuild.targets(391,5): warning MSB8028: The intermediate directory (obj\Win32\Debug\) contains files shared from another project (particleSystem.vcxproj).  This can lead to incorrect clean and rebuild behavior.
  system.cpp
c:\users\eva\documents\uni\projekt\of_v0.11.0_vs2017_release\apps\myapps\particlesystem_gui\src\system.cpp(98): warning C4018: '<': signed/unsigned mismatch
c:\users\eva\documents\uni\projekt\of_v0.11.0_vs2017_release\apps\myapps\particlesystem_gui\src\system.cpp(102): warning C4018: '<': signed/unsigned mismatch
c:\users\eva\documents\uni\projekt\of_v0.11.0_vs2017_release\apps\myapps\particlesystem_gui\src\system.cpp(113): warning C4018: '<': signed/unsigned mismatch
c:\users\eva\documents\uni\projekt\of_v0.11.0_vs2017_release\apps\myapps\particlesystem_gui\src\system.cpp(155): warning C4018: '<': signed/unsigned mismatch
c:\users\eva\documents\uni\projekt\of_v0.11.0_vs2017_release\apps\myapps\particlesystem_gui\src\system.cpp(196): warning C4018: '<': signed/unsigned mismatch
c:\users\eva\documents\uni\projekt\of_v0.11.0_vs2017_release\apps\myapps\particlesystem_gui\src\system.cpp(217): warning C4018: '<': signed/unsigned mismatch
c:\users\eva\documents\uni\projekt\of_v0.11.0_vs2017_release\apps\myapps\particlesystem_gui\src\system.cpp(253): warning C4018: '<': signed/unsigned mismatch
c:\users\eva\documents\uni\projekt\of_v0.11.0_vs2017_release\apps\myapps\particlesystem_gui\src\system.cpp(261): warning C4018: '<': signed/unsigned mismatch
c:\users\eva\documents\uni\projekt\of_v0.11.0_vs2017_release\apps\myapps\particlesystem_gui\src\system.cpp(272): warning C4018: '<': signed/unsigned mismatch
c:\users\eva\documents\uni\projekt\of_v0.11.0_vs2017_release\apps\myapps\particlesystem_gui\src\system.cpp(284): warning C4018: '<': signed/unsigned mismatch
c:\users\eva\documents\uni\projekt\of_v0.11.0_vs2017_release\apps\myapps\particlesystem_gui\src\system.cpp(285): warning C4018: '<': signed/unsigned mismatch
  particleSystem_gui.vcxproj -> C:\Users\Eva\Documents\Uni\Projekt\of_v0.11.0_vs2017_release\apps\myApps\particleSystem_gui\bin\particleSystem_gui_debug.exe
  
  	                   2	C:\Users\Eva\Documents\Uni\Projekt\of_v0.11.0_vs2017_release\libs\fmodex\lib\vs\Win32\
  	  *EXTRA Datei		 2939392	C:\Users\Eva\Documents\Uni\Projekt\of_v0.11.0_vs2017_release\apps\myApps\particleSystem_gui\bin\assimp.dll
  	  *EXTRA Datei		 6018560	C:\Users\Eva\Documents\Uni\Projekt\of_v0.11.0_vs2017_release\apps\myApps\particleSystem_gui\bin\FreeImage.dll
  	  *EXTRA Datei		  580608	C:\Users\Eva\Documents\Uni\Projekt\of_v0.11.0_vs2017_release\apps\myApps\particleSystem_gui\bin\freetype.dll
  	  *EXTRA Datei		  237568	C:\Users\Eva\Documents\Uni\Projekt\of_v0.11.0_vs2017_release\apps\myApps\particleSystem_gui\bin\glut32.dll
  	  *EXTRA Datei		 1178624	C:\Users\Eva\Documents\Uni\Projekt\of_v0.11.0_vs2017_release\apps\myApps\particleSystem_gui\bin\libeay32.dll
  	  *EXTRA Datei		  269824	C:\Users\Eva\Documents\Uni\Projekt\of_v0.11.0_vs2017_release\apps\myApps\particleSystem_gui\bin\ssleay32.dll
  	  *EXTRA Datei		   69632	C:\Users\Eva\Documents\Uni\Projekt\of_v0.11.0_vs2017_release\apps\myApps\particleSystem_gui\bin\Zlib.dll
  
  	                   1	C:\Users\Eva\Documents\Uni\Projekt\of_v0.11.0_vs2017_release\libs\FreeImage\lib\vs\Win32\
  	  *EXTRA Datei		 2939392	C:\Users\Eva\Documents\Uni\Projekt\of_v0.11.0_vs2017_release\apps\myApps\particleSystem_gui\bin\assimp.dll
  	  *EXTRA Datei		 1266176	C:\Users\Eva\Documents\Uni\Projekt\of_v0.11.0_vs2017_release\apps\myApps\particleSystem_gui\bin\fmodex.dll
  	  *EXTRA Datei		 1312768	C:\Users\Eva\Documents\Uni\Projekt\of_v0.11.0_vs2017_release\apps\myApps\particleSystem_gui\bin\fmodexL.dll
  	  *EXTRA Datei		  580608	C:\Users\Eva\Documents\Uni\Projekt\of_v0.11.0_vs2017_release\apps\myApps\particleSystem_gui\bin\freetype.dll
  	  *EXTRA Datei		  237568	C:\Users\Eva\Documents\Uni\Projekt\of_v0.11.0_vs2017_release\apps\myApps\particleSystem_gui\bin\glut32.dll
  	  *EXTRA Datei		 1178624	C:\Users\Eva\Documents\Uni\Projekt\of_v0.11.0_vs2017_release\apps\myApps\particleSystem_gui\bin\libeay32.dll
  	  *EXTRA Datei		  269824	C:\Users\Eva\Documents\Uni\Projekt\of_v0.11.0_vs2017_release\apps\myApps\particleSystem_gui\bin\ssleay32.dll
  	  *EXTRA Datei		   69632	C:\Users\Eva\Documents\Uni\Projekt\of_v0.11.0_vs2017_release\apps\myApps\particleSystem_gui\bin\Zlib.dll
