  main.cpp
  ofApp.cpp
  particle.cpp
  system.cpp
c:\users\eva\documents\uni\projekt\of_v0.11.0_vs2017_release\apps\myapps\particlesystem_gui\src\system.cpp(101): warning C4018: '<': signed/unsigned mismatch
c:\users\eva\documents\uni\projekt\of_v0.11.0_vs2017_release\apps\myapps\particlesystem_gui\src\system.cpp(105): warning C4018: '<': signed/unsigned mismatch
c:\users\eva\documents\uni\projekt\of_v0.11.0_vs2017_release\apps\myapps\particlesystem_gui\src\system.cpp(116): warning C4018: '<': signed/unsigned mismatch
c:\users\eva\documents\uni\projekt\of_v0.11.0_vs2017_release\apps\myapps\particlesystem_gui\src\system.cpp(164): warning C4018: '<': signed/unsigned mismatch
c:\users\eva\documents\uni\projekt\of_v0.11.0_vs2017_release\apps\myapps\particlesystem_gui\src\system.cpp(176): warning C4018: '<': signed/unsigned mismatch
c:\users\eva\documents\uni\projekt\of_v0.11.0_vs2017_release\apps\myapps\particlesystem_gui\src\system.cpp(177): warning C4018: '<': signed/unsigned mismatch
c:\users\eva\documents\uni\projekt\of_v0.11.0_vs2017_release\apps\myapps\particlesystem_gui\src\system.cpp(150): warning C4996: 'ofRect': Use ofDrawRectangle instead
  c:\users\eva\documents\uni\projekt\of_v0.11.0_vs2017_release\libs\openframeworks\graphics\ofgraphics.h(512): note: see declaration of 'ofRect'
c:\users\eva\documents\uni\projekt\of_v0.11.0_vs2017_release\apps\myapps\particlesystem_gui\src\system.cpp(216): warning C4018: '<': signed/unsigned mismatch
c:\users\eva\documents\uni\projekt\of_v0.11.0_vs2017_release\apps\myapps\particlesystem_gui\src\system.cpp(238): warning C4018: '<': signed/unsigned mismatch
c:\users\eva\documents\uni\projekt\of_v0.11.0_vs2017_release\apps\myapps\particlesystem_gui\src\system.cpp(274): warning C4018: '<': signed/unsigned mismatch
c:\users\eva\documents\uni\projekt\of_v0.11.0_vs2017_release\apps\myapps\particlesystem_gui\src\system.cpp(282): warning C4018: '<': signed/unsigned mismatch
c:\users\eva\documents\uni\projekt\of_v0.11.0_vs2017_release\apps\myapps\particlesystem_gui\src\system.cpp(293): warning C4018: '<': signed/unsigned mismatch
c:\users\eva\documents\uni\projekt\of_v0.11.0_vs2017_release\apps\myapps\particlesystem_gui\src\system.cpp(307): warning C4018: '<': signed/unsigned mismatch
c:\users\eva\documents\uni\projekt\of_v0.11.0_vs2017_release\apps\myapps\particlesystem_gui\src\system.cpp(308): warning C4018: '<': signed/unsigned mismatch
     Creating library bin\particleSystem_debug.lib and object bin\particleSystem_debug.exp
  particleSystem.vcxproj -> C:\Users\Eva\Documents\Uni\Projekt\of_v0.11.0_vs2017_release\apps\myApps\particleSystem_gui\bin\particleSystem_debug.exe
  
  	                   2	C:\Users\Eva\Documents\Uni\Projekt\of_v0.11.0_vs2017_release\libs\fmodex\lib\vs\Win32\
  	  *EXTRA Datei		 2939392	C:\Users\Eva\Documents\Uni\Projekt\of_v0.11.0_vs2017_release\apps\myApps\particleSystem_gui\bin\assimp.dll
  	  *EXTRA Datei		 6018560	C:\Users\Eva\Documents\Uni\Projekt\of_v0.11.0_vs2017_release\apps\myApps\particleSystem_gui\bin\FreeImage.dll
  	  *EXTRA Datei		  580608	C:\Users\Eva\Documents\Uni\Projekt\of_v0.11.0_vs2017_release\apps\myApps\particleSystem_gui\bin\freetype.dll
  	  *EXTRA Datei		  237568	C:\Users\Eva\Documents\Uni\Projekt\of_v0.11.0_vs2017_release\apps\myApps\particleSystem_gui\bin\glut32.dll
  	  *EXTRA Datei		 1178624	C:\Users\Eva\Documents\Uni\Projekt\of_v0.11.0_vs2017_release\apps\myApps\particleSystem_gui\bin\libeay32.dll
  	  *EXTRA Datei		  269824	C:\Users\Eva\Documents\Uni\Projekt\of_v0.11.0_vs2017_release\apps\myApps\particleSystem_gui\bin\ssleay32.dll
  	  *EXTRA Datei		   69632	C:\Users\Eva\Documents\Uni\Projekt\of_v0.11.0_vs2017_release\apps\myApps\particleSystem_gui\bin\Zlib.dll
  
  	                   1	C:\Users\Eva\Documents\Uni\Projekt\of_v0.11.0_vs2017_release\libs\FreeImage\lib\vs\Win32\
  	  *EXTRA Datei		 2939392	C:\Users\Eva\Documents\Uni\Projekt\of_v0.11.0_vs2017_release\apps\myApps\particleSystem_gui\bin\assimp.dll
  	  *EXTRA Datei		 1266176	C:\Users\Eva\Documents\Uni\Projekt\of_v0.11.0_vs2017_release\apps\myApps\particleSystem_gui\bin\fmodex.dll
  	  *EXTRA Datei		 1312768	C:\Users\Eva\Documents\Uni\Projekt\of_v0.11.0_vs2017_release\apps\myApps\particleSystem_gui\bin\fmodexL.dll
  	  *EXTRA Datei		  580608	C:\Users\Eva\Documents\Uni\Projekt\of_v0.11.0_vs2017_release\apps\myApps\particleSystem_gui\bin\freetype.dll
  	  *EXTRA Datei		  237568	C:\Users\Eva\Documents\Uni\Projekt\of_v0.11.0_vs2017_release\apps\myApps\particleSystem_gui\bin\glut32.dll
  	  *EXTRA Datei		 1178624	C:\Users\Eva\Documents\Uni\Projekt\of_v0.11.0_vs2017_release\apps\myApps\particleSystem_gui\bin\libeay32.dll
  	  *EXTRA Datei		  269824	C:\Users\Eva\Documents\Uni\Projekt\of_v0.11.0_vs2017_release\apps\myApps\particleSystem_gui\bin\ssleay32.dll
  	  *EXTRA Datei		   69632	C:\Users\Eva\Documents\Uni\Projekt\of_v0.11.0_vs2017_release\apps\myApps\particleSystem_gui\bin\Zlib.dll
