  system.cpp
c:\users\eva\documents\uni\projekt\of_v0.11.0_vs2017_release\apps\myapps\particlesystem\src\system.cpp(101): warning C4018: '<': signed/unsigned mismatch
c:\users\eva\documents\uni\projekt\of_v0.11.0_vs2017_release\apps\myapps\particlesystem\src\system.cpp(105): warning C4018: '<': signed/unsigned mismatch
c:\users\eva\documents\uni\projekt\of_v0.11.0_vs2017_release\apps\myapps\particlesystem\src\system.cpp(116): warning C4018: '<': signed/unsigned mismatch
c:\users\eva\documents\uni\projekt\of_v0.11.0_vs2017_release\apps\myapps\particlesystem\src\system.cpp(145): warning C4018: '<': signed/unsigned mismatch
c:\users\eva\documents\uni\projekt\of_v0.11.0_vs2017_release\apps\myapps\particlesystem\src\system.cpp(146): warning C4018: '<': signed/unsigned mismatch
c:\users\eva\documents\uni\projekt\of_v0.11.0_vs2017_release\apps\myapps\particlesystem\src\system.cpp(170): warning C4018: '<': signed/unsigned mismatch
c:\users\eva\documents\uni\projekt\of_v0.11.0_vs2017_release\apps\myapps\particlesystem\src\system.cpp(156): warning C4996: 'ofRect': Use ofDrawRectangle instead
  c:\users\eva\documents\uni\projekt\of_v0.11.0_vs2017_release\libs\openframeworks\graphics\ofgraphics.h(512): note: see declaration of 'ofRect'
c:\users\eva\documents\uni\projekt\of_v0.11.0_vs2017_release\apps\myapps\particlesystem\src\system.cpp(213): warning C4018: '<': signed/unsigned mismatch
c:\users\eva\documents\uni\projekt\of_v0.11.0_vs2017_release\apps\myapps\particlesystem\src\system.cpp(235): warning C4018: '<': signed/unsigned mismatch
c:\users\eva\documents\uni\projekt\of_v0.11.0_vs2017_release\apps\myapps\particlesystem\src\system.cpp(276): warning C4018: '<': signed/unsigned mismatch
c:\users\eva\documents\uni\projekt\of_v0.11.0_vs2017_release\apps\myapps\particlesystem\src\system.cpp(282): warning C4018: '<': signed/unsigned mismatch
c:\users\eva\documents\uni\projekt\of_v0.11.0_vs2017_release\apps\myapps\particlesystem\src\system.cpp(291): warning C4018: '<': signed/unsigned mismatch
c:\users\eva\documents\uni\projekt\of_v0.11.0_vs2017_release\apps\myapps\particlesystem\src\system.cpp(304): warning C4018: '<': signed/unsigned mismatch
c:\users\eva\documents\uni\projekt\of_v0.11.0_vs2017_release\apps\myapps\particlesystem\src\system.cpp(305): warning C4018: '<': signed/unsigned mismatch
  particleSystem.vcxproj -> C:\Users\Eva\Documents\Uni\Projekt\of_v0.11.0_vs2017_release\apps\myApps\particleSystem\bin\particleSystem_debug.exe
  
  	                   2	C:\Users\Eva\Documents\Uni\Projekt\of_v0.11.0_vs2017_release\libs\fmodex\lib\vs\Win32\
  	  *EXTRA Datei		 2939392	C:\Users\Eva\Documents\Uni\Projekt\of_v0.11.0_vs2017_release\apps\myApps\particleSystem\bin\assimp.dll
  	  *EXTRA Datei		 6018560	C:\Users\Eva\Documents\Uni\Projekt\of_v0.11.0_vs2017_release\apps\myApps\particleSystem\bin\FreeImage.dll
  	  *EXTRA Datei		  580608	C:\Users\Eva\Documents\Uni\Projekt\of_v0.11.0_vs2017_release\apps\myApps\particleSystem\bin\freetype.dll
  	  *EXTRA Datei		  237568	C:\Users\Eva\Documents\Uni\Projekt\of_v0.11.0_vs2017_release\apps\myApps\particleSystem\bin\glut32.dll
  	  *EXTRA Datei		 1178624	C:\Users\Eva\Documents\Uni\Projekt\of_v0.11.0_vs2017_release\apps\myApps\particleSystem\bin\libeay32.dll
  	  *EXTRA Datei		  269824	C:\Users\Eva\Documents\Uni\Projekt\of_v0.11.0_vs2017_release\apps\myApps\particleSystem\bin\ssleay32.dll
  	  *EXTRA Datei		   69632	C:\Users\Eva\Documents\Uni\Projekt\of_v0.11.0_vs2017_release\apps\myApps\particleSystem\bin\Zlib.dll
  
  	                   1	C:\Users\Eva\Documents\Uni\Projekt\of_v0.11.0_vs2017_release\libs\FreeImage\lib\vs\Win32\
  	  *EXTRA Datei		 2939392	C:\Users\Eva\Documents\Uni\Projekt\of_v0.11.0_vs2017_release\apps\myApps\particleSystem\bin\assimp.dll
  	  *EXTRA Datei		 1266176	C:\Users\Eva\Documents\Uni\Projekt\of_v0.11.0_vs2017_release\apps\myApps\particleSystem\bin\fmodex.dll
  	  *EXTRA Datei		 1312768	C:\Users\Eva\Documents\Uni\Projekt\of_v0.11.0_vs2017_release\apps\myApps\particleSystem\bin\fmodexL.dll
  	  *EXTRA Datei		  580608	C:\Users\Eva\Documents\Uni\Projekt\of_v0.11.0_vs2017_release\apps\myApps\particleSystem\bin\freetype.dll
  	  *EXTRA Datei		  237568	C:\Users\Eva\Documents\Uni\Projekt\of_v0.11.0_vs2017_release\apps\myApps\particleSystem\bin\glut32.dll
  	  *EXTRA Datei		 1178624	C:\Users\Eva\Documents\Uni\Projekt\of_v0.11.0_vs2017_release\apps\myApps\particleSystem\bin\libeay32.dll
  	  *EXTRA Datei		  269824	C:\Users\Eva\Documents\Uni\Projekt\of_v0.11.0_vs2017_release\apps\myApps\particleSystem\bin\ssleay32.dll
  	  *EXTRA Datei		   69632	C:\Users\Eva\Documents\Uni\Projekt\of_v0.11.0_vs2017_release\apps\myApps\particleSystem\bin\Zlib.dll
