  main.cpp
  ofApp.cpp
  system.cpp
c:\users\eva\documents\uni\projekt\of_v0.11.0_vs2017_release\apps\myapps\particlesystem\src\system.cpp(143): warning C4018: '<': signed/unsigned mismatch
c:\users\eva\documents\uni\projekt\of_v0.11.0_vs2017_release\apps\myapps\particlesystem\src\system.cpp(147): warning C4018: '<': signed/unsigned mismatch
c:\users\eva\documents\uni\projekt\of_v0.11.0_vs2017_release\apps\myapps\particlesystem\src\system.cpp(158): warning C4018: '<': signed/unsigned mismatch
c:\users\eva\documents\uni\projekt\of_v0.11.0_vs2017_release\apps\myapps\particlesystem\src\system.cpp(206): warning C4018: '<': signed/unsigned mismatch
c:\users\eva\documents\uni\projekt\of_v0.11.0_vs2017_release\apps\myapps\particlesystem\src\system.cpp(218): warning C4018: '<': signed/unsigned mismatch
c:\users\eva\documents\uni\projekt\of_v0.11.0_vs2017_release\apps\myapps\particlesystem\src\system.cpp(219): warning C4018: '<': signed/unsigned mismatch
c:\users\eva\documents\uni\projekt\of_v0.11.0_vs2017_release\apps\myapps\particlesystem\src\system.cpp(192): warning C4996: 'ofRect': Use ofDrawRectangle instead
  c:\users\eva\documents\uni\projekt\of_v0.11.0_vs2017_release\libs\openframeworks\graphics\ofgraphics.h(512): note: see declaration of 'ofRect'
c:\users\eva\documents\uni\projekt\of_v0.11.0_vs2017_release\apps\myapps\particlesystem\src\system.cpp(259): warning C4018: '<': signed/unsigned mismatch
c:\users\eva\documents\uni\projekt\of_v0.11.0_vs2017_release\apps\myapps\particlesystem\src\system.cpp(281): warning C4018: '<': signed/unsigned mismatch
c:\users\eva\documents\uni\projekt\of_v0.11.0_vs2017_release\apps\myapps\particlesystem\src\system.cpp(317): warning C4018: '<': signed/unsigned mismatch
c:\users\eva\documents\uni\projekt\of_v0.11.0_vs2017_release\apps\myapps\particlesystem\src\system.cpp(325): warning C4018: '<': signed/unsigned mismatch
c:\users\eva\documents\uni\projekt\of_v0.11.0_vs2017_release\apps\myapps\particlesystem\src\system.cpp(336): warning C4018: '<': signed/unsigned mismatch
c:\users\eva\documents\uni\projekt\of_v0.11.0_vs2017_release\apps\myapps\particlesystem\src\system.cpp(350): warning C4018: '<': signed/unsigned mismatch
c:\users\eva\documents\uni\projekt\of_v0.11.0_vs2017_release\apps\myapps\particlesystem\src\system.cpp(351): warning C4018: '<': signed/unsigned mismatch
  particleSystem.vcxproj -> C:\Users\Eva\Documents\Uni\Projekt\of_v0.11.0_vs2017_release\apps\myApps\particleSystem\bin\particleSystem_debug.exe
  
  	                   2	C:\Users\Eva\Documents\Uni\Projekt\of_v0.11.0_vs2017_release\libs\fmodex\lib\vs\Win32\
  	  *EXTRA Datei		 2939392	C:\Users\Eva\Documents\Uni\Projekt\of_v0.11.0_vs2017_release\apps\myApps\particleSystem\bin\assimp.dll
  	  *EXTRA Datei		 6018560	C:\Users\Eva\Documents\Uni\Projekt\of_v0.11.0_vs2017_release\apps\myApps\particleSystem\bin\FreeImage.dll
  	  *EXTRA Datei		  580608	C:\Users\Eva\Documents\Uni\Projekt\of_v0.11.0_vs2017_release\apps\myApps\particleSystem\bin\freetype.dll
  	  *EXTRA Datei		  237568	C:\Users\Eva\Documents\Uni\Projekt\of_v0.11.0_vs2017_release\apps\myApps\particleSystem\bin\glut32.dll
  	  *EXTRA Datei		 1178624	C:\Users\Eva\Documents\Uni\Projekt\of_v0.11.0_vs2017_release\apps\myApps\particleSystem\bin\libeay32.dll
  	  *EXTRA Datei		  269824	C:\Users\Eva\Documents\Uni\Projekt\of_v0.11.0_vs2017_release\apps\myApps\particleSystem\bin\ssleay32.dll
  	  *EXTRA Datei		   69632	C:\Users\Eva\Documents\Uni\Projekt\of_v0.11.0_vs2017_release\apps\myApps\particleSystem\bin\Zlib.dll
  
  	                   1	C:\Users\Eva\Documents\Uni\Projekt\of_v0.11.0_vs2017_release\libs\FreeImage\lib\vs\Win32\
  	  *EXTRA Datei		 2939392	C:\Users\Eva\Documents\Uni\Projekt\of_v0.11.0_vs2017_release\apps\myApps\particleSystem\bin\assimp.dll
  	  *EXTRA Datei		 1266176	C:\Users\Eva\Documents\Uni\Projekt\of_v0.11.0_vs2017_release\apps\myApps\particleSystem\bin\fmodex.dll
  	  *EXTRA Datei		 1312768	C:\Users\Eva\Documents\Uni\Projekt\of_v0.11.0_vs2017_release\apps\myApps\particleSystem\bin\fmodexL.dll
  	  *EXTRA Datei		  580608	C:\Users\Eva\Documents\Uni\Projekt\of_v0.11.0_vs2017_release\apps\myApps\particleSystem\bin\freetype.dll
  	  *EXTRA Datei		  237568	C:\Users\Eva\Documents\Uni\Projekt\of_v0.11.0_vs2017_release\apps\myApps\particleSystem\bin\glut32.dll
  	  *EXTRA Datei		 1178624	C:\Users\Eva\Documents\Uni\Projekt\of_v0.11.0_vs2017_release\apps\myApps\particleSystem\bin\libeay32.dll
  	  *EXTRA Datei		  269824	C:\Users\Eva\Documents\Uni\Projekt\of_v0.11.0_vs2017_release\apps\myApps\particleSystem\bin\ssleay32.dll
  	  *EXTRA Datei		   69632	C:\Users\Eva\Documents\Uni\Projekt\of_v0.11.0_vs2017_release\apps\myApps\particleSystem\bin\Zlib.dll
